2014-06-27 00:06:29.695 CordovaAngular[15616:70b] Multi-tasking -> Device: YES, App: YES
2014-06-27 00:06:29.719 CordovaAngular[15616:70b] Unlimited access to network resources
2014-06-27 00:06:29.722 CordovaAngular[15616:70b] Fix applied for database locations?: YES
2014-06-27 00:06:29.723 CordovaAngular[15616:70b] 

Started backup to iCloud! Please be careful.
Your application might rejected by Apple if you store too much data.
For more information please read "iOS Data Storage Guidelines"
You could find it at the following address https://developer.apple.com/icloud/documentation/data-storage/ .

2014-06-27 00:06:29.948 CordovaAngular[15616:70b] Resetting plugins due to page load.
2014-06-27 00:06:30.051 CordovaAngular[15616:70b] Finished load of: file:///Users/srikanthnutigattu/Library/Application%20Support/iPhone%20Simulator/7.1/Applications/9304DB74-1346-4F73-8833-C0AB9D42BFBA/CordovaAngular.app/www/index.html
2014-06-27 00:07:43.640 CordovaAngular[17733:70b] Multi-tasking -> Device: YES, App: YES
2014-06-27 00:07:43.649 CordovaAngular[17733:70b] Unlimited access to network resources
2014-06-27 00:07:43.651 CordovaAngular[17733:70b] 

Started backup to iCloud! Please be careful.
Your application might rejected by Apple if you store too much data.
For more information please read "iOS Data Storage Guidelines"
You could find it at the following address https://developer.apple.com/icloud/documentation/data-storage/ .

2014-06-27 00:07:43.715 CordovaAngular[17733:70b] Resetting plugins due to page load.
2014-06-27 00:07:43.753 CordovaAngular[17733:70b] Finished load of: file:///Users/srikanthnutigattu/Library/Application%20Support/iPhone%20Simulator/7.1/Applications/9304DB74-1346-4F73-8833-C0AB9D42BFBA/CordovaAngular.app/www/index.html
2014-06-27 00:08:05.828 CordovaAngular[19878:70b] Multi-tasking -> Device: YES, App: YES
2014-06-27 00:08:05.836 CordovaAngular[19878:70b] Unlimited access to network resources
2014-06-27 00:08:05.839 CordovaAngular[19878:70b] 

Started backup to iCloud! Please be careful.
Your application might rejected by Apple if you store too much data.
For more information please read "iOS Data Storage Guidelines"
You could find it at the following address https://developer.apple.com/icloud/documentation/data-storage/ .

2014-06-27 00:08:05.952 CordovaAngular[19878:70b] Resetting plugins due to page load.
2014-06-27 00:08:05.988 CordovaAngular[19878:70b] Finished load of: file:///Users/srikanthnutigattu/Library/Application%20Support/iPhone%20Simulator/7.1/Applications/9304DB74-1346-4F73-8833-C0AB9D42BFBA/CordovaAngular.app/www/index.html
2014-06-27 00:09:49.416 CordovaAngular[21997:70b] Multi-tasking -> Device: YES, App: YES
2014-06-27 00:09:49.424 CordovaAngular[21997:70b] Unlimited access to network resources
2014-06-27 00:09:49.427 CordovaAngular[21997:70b] 

Started backup to iCloud! Please be careful.
Your application might rejected by Apple if you store too much data.
For more information please read "iOS Data Storage Guidelines"
You could find it at the following address https://developer.apple.com/icloud/documentation/data-storage/ .

2014-06-27 00:09:49.491 CordovaAngular[21997:70b] Resetting plugins due to page load.
2014-06-27 00:09:49.566 CordovaAngular[21997:70b] Finished load of: file:///Users/srikanthnutigattu/Library/Application%20Support/iPhone%20Simulator/7.1/Applications/9304DB74-1346-4F73-8833-C0AB9D42BFBA/CordovaAngular.app/www/index.html
Terminating in response to SpringBoard's termination.
2014-06-27 00:10:11.606 CordovaAngular[24141:70b] Multi-tasking -> Device: YES, App: YES
2014-06-27 00:10:11.614 CordovaAngular[24141:70b] Unlimited access to network resources
2014-06-27 00:10:11.617 CordovaAngular[24141:70b] 

Started backup to iCloud! Please be careful.
Your application might rejected by Apple if you store too much data.
For more information please read "iOS Data Storage Guidelines"
You could find it at the following address https://developer.apple.com/icloud/documentation/data-storage/ .

2014-06-27 00:10:11.750 CordovaAngular[24141:70b] Resetting plugins due to page load.
2014-06-27 00:10:11.816 CordovaAngular[24141:70b] Finished load of: file:///Users/srikanthnutigattu/Library/Application%20Support/iPhone%20Simulator/7.1/Applications/9304DB74-1346-4F73-8833-C0AB9D42BFBA/CordovaAngular.app/www/index.html
Terminating in response to SpringBoard's termination.
2014-06-27 00:14:01.926 CordovaAngular[26306:70b] Multi-tasking -> Device: YES, App: YES
2014-06-27 00:14:01.934 CordovaAngular[26306:70b] Unlimited access to network resources
2014-06-27 00:14:01.937 CordovaAngular[26306:70b] 

Started backup to iCloud! Please be careful.
Your application might rejected by Apple if you store too much data.
For more information please read "iOS Data Storage Guidelines"
You could find it at the following address https://developer.apple.com/icloud/documentation/data-storage/ .

2014-06-27 00:14:02.059 CordovaAngular[26306:70b] Resetting plugins due to page load.
2014-06-27 00:14:02.127 CordovaAngular[26306:70b] Finished load of: file:///Users/srikanthnutigattu/Library/Application%20Support/iPhone%20Simulator/7.1/Applications/9304DB74-1346-4F73-8833-C0AB9D42BFBA/CordovaAngular.app/www/index.html
